<?xml version="1.0" encoding="UTF-8" ?>
<testsuite tests="6" failures="0" name="com.project.MobileStoreBackEnd.test.CartItemUnitTest" time="6.225" errors="0" skipped="5">
  <properties>
[...]
</properties>
  <testcase classname="com.project.MobileStoreBackEnd.test.CartItemUnitTest" name="listCartItemsTest" time="2.528">
    <skipped/>
    <system-out>Adding hibernate properties to the sessionBuilder object
Adding User class
Adding Category class
Adding Product class
Adding Supplier class
Adding CartItem class
Adding OrderDetails class
Creating Session factory bean
----UserDAO implementation---
---CategoryDAO implementation---
---ProductDAO implementation---
---SupplierDAO implementation---
---CartItemDAO implementation---
---OrderDetailsDAO implementation---
Transaction manager
</system-out>
    <system-err>May 09, 2018 9:17:28 AM org.springframework.context.annotation.AnnotationConfigApplicationContext prepareRefresh
INFO: Refreshing org.springframework.context.annotation.AnnotationConfigApplicationContext@7907ec20: startup date [Wed May 09 09:17:28 IST 2018]; root of context hierarchy
May 09, 2018 9:17:28 AM org.springframework.jdbc.datasource.DriverManagerDataSource setDriverClassName
INFO: Loaded JDBC driver: org.h2.Driver
May 09, 2018 9:17:28 AM org.hibernate.annotations.common.reflection.java.JavaReflectionManager &lt;clinit&gt;
INFO: HCANN000001: Hibernate Commons Annotations {4.0.5.Final}
May 09, 2018 9:17:28 AM org.hibernate.Version logVersion
INFO: HHH000412: Hibernate Core {4.3.6.Final}
May 09, 2018 9:17:29 AM org.hibernate.cfg.Environment &lt;clinit&gt;
INFO: HHH000206: hibernate.properties not found
May 09, 2018 9:17:29 AM org.hibernate.cfg.Environment buildBytecodeProvider
INFO: HHH000021: Bytecode provider name : javassist
May 09, 2018 9:17:29 AM org.hibernate.dialect.Dialect &lt;init&gt;
INFO: HHH000400: Using dialect: org.hibernate.dialect.H2Dialect
May 09, 2018 9:17:29 AM org.hibernate.cfg.AnnotationBinder buildIdGenerator
WARN: HHH000392: Hibernate does not support SequenceGenerator.initialValue() unless &apos;hibernate.id.new_generator_mappings&apos; set
May 09, 2018 9:17:29 AM org.hibernate.engine.transaction.internal.TransactionFactoryInitiator initiateService
INFO: HHH000399: Using default transaction strategy (direct JDBC transactions)
May 09, 2018 9:17:29 AM org.hibernate.hql.internal.ast.ASTQueryTranslatorFactory &lt;init&gt;
INFO: HHH000397: Using ASTQueryTranslatorFactory
May 09, 2018 9:17:29 AM org.hibernate.validator.internal.util.Version &lt;clinit&gt;
INFO: HV000001: Hibernate Validator 4.3.1.Final
May 09, 2018 9:17:29 AM org.hibernate.tool.hbm2ddl.SchemaUpdate execute
INFO: HHH000228: Running hbm2ddl schema update
May 09, 2018 9:17:29 AM org.hibernate.tool.hbm2ddl.SchemaUpdate execute
INFO: HHH000102: Fetching database metadata
May 09, 2018 9:17:30 AM org.hibernate.tool.hbm2ddl.SchemaUpdate execute
INFO: HHH000396: Updating schema
May 09, 2018 9:17:30 AM org.hibernate.tool.hbm2ddl.TableMetadata &lt;init&gt;
INFO: HHH000261: Table found: TEST.PUBLIC.CARTITEM
May 09, 2018 9:17:30 AM org.hibernate.tool.hbm2ddl.TableMetadata &lt;init&gt;
INFO: HHH000037: Columns: [cartitemid, quantity, productid, subtotal, cartid, paymentstatus, username]
May 09, 2018 9:17:30 AM org.hibernate.tool.hbm2ddl.TableMetadata &lt;init&gt;
INFO: HHH000108: Foreign keys: []
May 09, 2018 9:17:30 AM org.hibernate.tool.hbm2ddl.TableMetadata &lt;init&gt;
INFO: HHH000126: Indexes: [primary_key_2]
May 09, 2018 9:17:30 AM org.hibernate.tool.hbm2ddl.TableMetadata &lt;init&gt;
INFO: HHH000261: Table found: TEST.PUBLIC.CATEGORY
May 09, 2018 9:17:30 AM org.hibernate.tool.hbm2ddl.TableMetadata &lt;init&gt;
INFO: HHH000037: Columns: [categorydesc, categoryname, categoryid]
May 09, 2018 9:17:30 AM org.hibernate.tool.hbm2ddl.TableMetadata &lt;init&gt;
INFO: HHH000108: Foreign keys: []
May 09, 2018 9:17:30 AM org.hibernate.tool.hbm2ddl.TableMetadata &lt;init&gt;
INFO: HHH000126: Indexes: [primary_key_3]
May 09, 2018 9:17:30 AM org.hibernate.tool.hbm2ddl.TableMetadata &lt;init&gt;
INFO: HHH000261: Table found: TEST.PUBLIC.ORDERDETAILS
May 09, 2018 9:17:30 AM org.hibernate.tool.hbm2ddl.TableMetadata &lt;init&gt;
INFO: HHH000037: Columns: [billingaddress, shippingaddress, orderstatus, totalamount, orderid, cartid, orderdate, transactiontype, username]
May 09, 2018 9:17:30 AM org.hibernate.tool.hbm2ddl.TableMetadata &lt;init&gt;
INFO: HHH000108: Foreign keys: []
May 09, 2018 9:17:30 AM org.hibernate.tool.hbm2ddl.TableMetadata &lt;init&gt;
INFO: HHH000126: Indexes: [primary_key_b]
May 09, 2018 9:17:30 AM org.hibernate.tool.hbm2ddl.TableMetadata &lt;init&gt;
INFO: HHH000261: Table found: TEST.PUBLIC.PRODUCT
May 09, 2018 9:17:30 AM org.hibernate.tool.hbm2ddl.TableMetadata &lt;init&gt;
INFO: HHH000037: Columns: [supplierid, productid, price, productname, stock, categoryid, productdesc]
May 09, 2018 9:17:30 AM org.hibernate.tool.hbm2ddl.TableMetadata &lt;init&gt;
INFO: HHH000108: Foreign keys: []
May 09, 2018 9:17:30 AM org.hibernate.tool.hbm2ddl.TableMetadata &lt;init&gt;
INFO: HHH000126: Indexes: [primary_key_1]
May 09, 2018 9:17:30 AM org.hibernate.tool.hbm2ddl.TableMetadata &lt;init&gt;
INFO: HHH000261: Table found: TEST.PUBLIC.SUPPLIER
May 09, 2018 9:17:30 AM org.hibernate.tool.hbm2ddl.TableMetadata &lt;init&gt;
INFO: HHH000037: Columns: [suppliername, supplierid, suppliercontactno, supplierinfo]
May 09, 2018 9:17:30 AM org.hibernate.tool.hbm2ddl.TableMetadata &lt;init&gt;
INFO: HHH000108: Foreign keys: []
May 09, 2018 9:17:30 AM org.hibernate.tool.hbm2ddl.TableMetadata &lt;init&gt;
INFO: HHH000126: Indexes: [primary_key_c]
May 09, 2018 9:17:30 AM org.hibernate.tool.hbm2ddl.TableMetadata &lt;init&gt;
INFO: HHH000261: Table found: TEST.PUBLIC.USER
May 09, 2018 9:17:30 AM org.hibernate.tool.hbm2ddl.TableMetadata &lt;init&gt;
INFO: HHH000037: Columns: [country, pincode, password, role, city, phone, mailid, state, userid, username, isenabled]
May 09, 2018 9:17:30 AM org.hibernate.tool.hbm2ddl.TableMetadata &lt;init&gt;
INFO: HHH000108: Foreign keys: []
May 09, 2018 9:17:30 AM org.hibernate.tool.hbm2ddl.TableMetadata &lt;init&gt;
INFO: HHH000126: Indexes: [primary_key_c0]
May 09, 2018 9:17:30 AM org.hibernate.tool.hbm2ddl.SchemaUpdate execute
INFO: HHH000232: Schema update complete
May 09, 2018 9:17:30 AM org.springframework.orm.hibernate4.HibernateTransactionManager afterPropertiesSet
INFO: Using DataSource [org.springframework.jdbc.datasource.DriverManagerDataSource@6ad82709] of Hibernate SessionFactory for HibernateTransactionManager
</system-err>
  </testcase>
  <testcase classname="com.project.MobileStoreBackEnd.test.CartItemUnitTest" name="getCartItemTest" time="2.544">
    <skipped/>
  </testcase>
  <testcase classname="com.project.MobileStoreBackEnd.test.CartItemUnitTest" name="getCartItemByCartIdUnitTest" time="0.283"/>
  <testcase classname="com.project.MobileStoreBackEnd.test.CartItemUnitTest" name="addCartItemTest" time="0.29">
    <skipped/>
  </testcase>
  <testcase classname="com.project.MobileStoreBackEnd.test.CartItemUnitTest" name="deleteCartItemTest" time="0.29">
    <skipped/>
  </testcase>
  <testcase classname="com.project.MobileStoreBackEnd.test.CartItemUnitTest" name="updateCartItemTest" time="0.29">
    <skipped/>
  </testcase>
</testsuite>